<?xml version="1.0" encoding="UTF-8"?>
<testng-results ignored="0" total="6" passed="6" failed="0" skipped="0">
  <reporter-output>
  </reporter-output>
  <suite started-at="2023-07-03T10:54:42Z" name="Default suite" finished-at="2023-07-03T10:54:42Z" duration-ms="68">
    <groups>
    </groups>
    <test started-at="2023-07-03T10:54:42Z" name="Default test" finished-at="2023-07-03T10:54:42Z" duration-ms="68">
      <class name="BlessingsAuto.BlessingsTests.PriorityTest">
        <test-method signature="ijk()[pri:-2, instance:BlessingsAuto.BlessingsTests.PriorityTest@7fcf2fc1]" started-at="2023-07-03T16:24:42Z" name="ijk" finished-at="2023-07-03T16:24:42Z" duration-ms="22" status="PASS">
          <reporter-output>
          </reporter-output>
        </test-method> <!-- ijk -->
        <test-method signature="vxw()[pri:-1, instance:BlessingsAuto.BlessingsTests.PriorityTest@7fcf2fc1]" started-at="2023-07-03T16:24:42Z" name="vxw" finished-at="2023-07-03T16:24:42Z" duration-ms="1" status="PASS">
          <reporter-output>
          </reporter-output>
        </test-method> <!-- vxw -->
        <test-method signature="mno()[pri:0, instance:BlessingsAuto.BlessingsTests.PriorityTest@7fcf2fc1]" started-at="2023-07-03T16:24:42Z" name="mno" finished-at="2023-07-03T16:24:42Z" duration-ms="1" status="PASS">
          <reporter-output>
          </reporter-output>
        </test-method> <!-- mno -->
        <test-method signature="mnp()[pri:0, instance:BlessingsAuto.BlessingsTests.PriorityTest@7fcf2fc1]" started-at="2023-07-03T16:24:42Z" name="mnp" finished-at="2023-07-03T16:24:42Z" duration-ms="1" status="PASS">
          <reporter-output>
          </reporter-output>
        </test-method> <!-- mnp -->
        <test-method signature="abc()[pri:1, instance:BlessingsAuto.BlessingsTests.PriorityTest@7fcf2fc1]" started-at="2023-07-03T16:24:42Z" name="abc" finished-at="2023-07-03T16:24:42Z" duration-ms="1" status="PASS">
          <reporter-output>
          </reporter-output>
        </test-method> <!-- abc -->
        <test-method signature="def()[pri:2, instance:BlessingsAuto.BlessingsTests.PriorityTest@7fcf2fc1]" started-at="2023-07-03T16:24:42Z" name="def" finished-at="2023-07-03T16:24:42Z" duration-ms="1" status="PASS">
          <reporter-output>
          </reporter-output>
        </test-method> <!-- def -->
      </class> <!-- BlessingsAuto.BlessingsTests.PriorityTest -->
    </test> <!-- Default test -->
  </suite> <!-- Default suite -->
</testng-results>
